<?xml version="1.0" encoding="UTF-8"?>
<testsuite xmlns:xsi="http://www.w3.org/2001/XMLSchema-instance" xsi:noNamespaceSchemaLocation="https://maven.apache.org/surefire/maven-surefire-plugin/xsd/surefire-test-report-3.0.xsd" version="3.0" name="com.craftinginterpreters.lox.CommaTest" time="0.011" tests="2" errors="0" skipped="0" failures="0">
  <properties>
    <property name="java.specification.version" value="21"/>
    <property name="sun.cpu.isalist" value="amd64"/>
    <property name="sun.jnu.encoding" value="Cp1252"/>
    <property name="java.class.path" value="C:\Colg stuffs\Fall 24\PLC\PLS assignments\2\chap07_evaluating 2\target\test-classes;C:\Colg stuffs\Fall 24\PLC\PLS assignments\2\chap07_evaluating 2\target\classes;C:\Users\OS\.m2\repository\org\junit\jupiter\junit-jupiter-engine\5.10.0\junit-jupiter-engine-5.10.0.jar;C:\Users\OS\.m2\repository\org\junit\platform\junit-platform-engine\1.10.0\junit-platform-engine-1.10.0.jar;C:\Users\OS\.m2\repository\org\opentest4j\opentest4j\1.3.0\opentest4j-1.3.0.jar;C:\Users\OS\.m2\repository\org\junit\platform\junit-platform-commons\1.10.0\junit-platform-commons-1.10.0.jar;C:\Users\OS\.m2\repository\org\junit\jupiter\junit-jupiter-api\5.10.0\junit-jupiter-api-5.10.0.jar;C:\Users\OS\.m2\repository\org\apiguardian\apiguardian-api\1.1.2\apiguardian-api-1.1.2.jar;"/>
    <property name="java.vm.vendor" value="Amazon.com Inc."/>
    <property name="sun.arch.data.model" value="64"/>
    <property name="user.variant" value=""/>
    <property name="java.vendor.url" value="https://aws.amazon.com/corretto/"/>
    <property name="user.timezone" value="Asia/Calcutta"/>
    <property name="os.name" value="Windows 11"/>
    <property name="java.vm.specification.version" value="21"/>
    <property name="sun.java.launcher" value="SUN_STANDARD"/>
    <property name="user.country" value="US"/>
    <property name="sun.boot.library.path" value="C:\Program Files\Amazon Corretto\jdk21.0.4_7\bin"/>
    <property name="sun.java.command" value="C:\Users\OS\AppData\Local\Temp\surefire13253152931088639109\surefirebooter-20240917121859718_3.jar C:\Users\OS\AppData\Local\Temp\surefire13253152931088639109 2024-09-17T12-18-59_548-jvmRun1 surefire-20240917121859718_1tmp surefire_0-20240917121859718_2tmp"/>
    <property name="jdk.debug" value="release"/>
    <property name="surefire.test.class.path" value="C:\Colg stuffs\Fall 24\PLC\PLS assignments\2\chap07_evaluating 2\target\test-classes;C:\Colg stuffs\Fall 24\PLC\PLS assignments\2\chap07_evaluating 2\target\classes;C:\Users\OS\.m2\repository\org\junit\jupiter\junit-jupiter-engine\5.10.0\junit-jupiter-engine-5.10.0.jar;C:\Users\OS\.m2\repository\org\junit\platform\junit-platform-engine\1.10.0\junit-platform-engine-1.10.0.jar;C:\Users\OS\.m2\repository\org\opentest4j\opentest4j\1.3.0\opentest4j-1.3.0.jar;C:\Users\OS\.m2\repository\org\junit\platform\junit-platform-commons\1.10.0\junit-platform-commons-1.10.0.jar;C:\Users\OS\.m2\repository\org\junit\jupiter\junit-jupiter-api\5.10.0\junit-jupiter-api-5.10.0.jar;C:\Users\OS\.m2\repository\org\apiguardian\apiguardian-api\1.1.2\apiguardian-api-1.1.2.jar;"/>
    <property name="sun.cpu.endian" value="little"/>
    <property name="user.home" value="C:\Users\OS"/>
    <property name="user.language" value="en"/>
    <property name="java.specification.vendor" value="Oracle Corporation"/>
    <property name="java.version.date" value="2024-07-16"/>
    <property name="java.home" value="C:\Program Files\Amazon Corretto\jdk21.0.4_7"/>
    <property name="file.separator" value="\"/>
    <property name="basedir" value="C:\Colg stuffs\Fall 24\PLC\PLS assignments\2\chap07_evaluating 2"/>
    <property name="java.vm.compressedOopsMode" value="Zero based"/>
    <property name="line.separator" value="&#10;"/>
    <property name="java.vm.specification.vendor" value="Oracle Corporation"/>
    <property name="java.specification.name" value="Java Platform API Specification"/>
    <property name="surefire.real.class.path" value="C:\Users\OS\AppData\Local\Temp\surefire13253152931088639109\surefirebooter-20240917121859718_3.jar"/>
    <property name="user.script" value=""/>
    <property name="sun.management.compiler" value="HotSpot 64-Bit Tiered Compilers"/>
    <property name="java.runtime.version" value="21.0.4+7-LTS"/>
    <property name="user.name" value="OS"/>
    <property name="stdout.encoding" value="Cp1252"/>
    <property name="path.separator" value=";"/>
    <property name="os.version" value="10.0"/>
    <property name="java.runtime.name" value="OpenJDK Runtime Environment"/>
    <property name="file.encoding" value="UTF-8"/>
    <property name="java.vm.name" value="OpenJDK 64-Bit Server VM"/>
    <property name="java.vendor.version" value="Corretto-21.0.4.7.1"/>
    <property name="localRepository" value="C:\Users\OS\.m2\repository"/>
    <property name="java.vendor.url.bug" value="https://github.com/corretto/corretto-21/issues/"/>
    <property name="java.io.tmpdir" value="C:\Users\OS\AppData\Local\Temp\"/>
    <property name="java.version" value="21.0.4"/>
    <property name="user.dir" value="C:\Colg stuffs\Fall 24\PLC\PLS assignments\2\chap07_evaluating 2"/>
    <property name="os.arch" value="amd64"/>
    <property name="java.vm.specification.name" value="Java Virtual Machine Specification"/>
    <property name="sun.os.patch.level" value=""/>
    <property name="native.encoding" value="Cp1252"/>
    <property name="java.library.path" value="C:\Program Files\Amazon Corretto\jdk21.0.4_7\bin;C:\Windows\Sun\Java\bin;C:\Windows\system32;C:\Windows;C:\Program Files\Eclipse Adoptium\jdk-21.0.4.7-hotspot\bin;C:\Program Files\Amazon Corretto\jdk21.0.4_7\bin;C:\Windows\system32;C:\Windows;C:\Windows\System32\Wbem;C:\Windows\System32\WindowsPowerShell\v1.0\;C:\Windows\System32\OpenSSH\;C:\Program Files\dotnet\;C:\Program Files (x86)\NVIDIA Corporation\PhysX\Common;C:\Program Files\Maven\apache-maven-3.9.9\bin;C:\Program Files\Git\cmd;C:\Users\OS\AppData\Local\Microsoft\WindowsApps;C:\Users\OS\AppData\Local\Programs\Microsoft VS Code\bin;."/>
    <property name="java.vm.info" value="mixed mode, sharing"/>
    <property name="stderr.encoding" value="Cp1252"/>
    <property name="java.vendor" value="Amazon.com Inc."/>
    <property name="java.vm.version" value="21.0.4+7-LTS"/>
    <property name="sun.io.unicode.encoding" value="UnicodeLittle"/>
    <property name="java.class.version" value="65.0"/>
  </properties>
  <testcase name="simpleBoolean" classname="com.craftinginterpreters.lox.CommaTest" time="0.007">
    <system-out><![CDATA[Parsed comma: com.craftinginterpreters.lox.Expr$Binary@59474f18 , com.craftinginterpreters.lox.Expr$Binary@65fb9ffc
Evaluating comma: left = true, right = false
Printing comma expression: (, (!= 0.0 1.0) (== 2.0 3.0))
]]></system-out>
    <system-err><![CDATA[token -- NUMBER
token -- BANG_EQUAL
token -- NUMBER
token -- COMMA
token -- NUMBER
token -- EQUAL_EQUAL
token -- NUMBER
]]></system-err>
  </testcase>
  <testcase name="simpleMixed" classname="com.craftinginterpreters.lox.CommaTest" time="0.0">
    <system-out><![CDATA[Parsed comma: com.craftinginterpreters.lox.Expr$Binary@78691363 , com.craftinginterpreters.lox.Expr$Binary@41d477ed
Evaluating comma: left = true, right = 8.0
Printing comma expression: (, (== a a) (+ 5.0 3.0))
]]></system-out>
    <system-err><![CDATA[token -- STRING
token -- EQUAL_EQUAL
token -- STRING
token -- COMMA
token -- NUMBER
token -- PLUS
token -- NUMBER
]]></system-err>
  </testcase>
</testsuite>