<?xml version='1.0' encoding='UTF-8'?>
<testsuite hostname="optimus-Psyduck" name="fp2tests" tests="10" errors="0" failures="0" skipped="0" time="0.024" timestamp="2024-09-29T10:05:40">
          <properties>
      <property name="java.specification.version" value="21"/><property name="sun.cpu.isalist" value="amd64"/><property name="sun.jnu.encoding" value="Cp1252"/><property name="sun.arch.data.model" value="64"/><property name="java.vendor.url" value="https://aws.amazon.com/corretto/"/><property name="sun.boot.library.path" value="C:\Program Files\Amazon Corretto\jdk21.0.4_7\bin"/><property name="sun.java.command" value="xsbt.boot.Boot"/><property name="jdk.debug" value="release"/><property name="java.specification.vendor" value="Oracle Corporation"/><property name="java.version.date" value="2024-07-16"/><property name="java.home" value="C:\Program Files\Amazon Corretto\jdk21.0.4_7"/><property name="file.separator" value="\"/><property name="java.vm.compressedOopsMode" value="32-bit"/><property name="line.separator" value="
"/><property name="java.vm.specification.vendor" value="Oracle Corporation"/><property name="java.specification.name" value="Java Platform API Specification"/><property name="user.script" value=""/><property name="sun.management.compiler" value="HotSpot 64-Bit Tiered Compilers"/><property name="java.runtime.version" value="21.0.4+7-LTS"/><property name="user.name" value="OS"/><property name="log4j.ignoreTCL" value="true"/><property name="file.encoding" value="UTF-8"/><property name="jnidispatch.path" value="C:\Users\OS\AppData\Local\Temp\jna-2532\jna14430072842269883275.dll"/><property name="java.vendor.version" value="Corretto-21.0.4.7.1"/><property name="jna.loaded" value="true"/><property name="java.io.tmpdir" value="C:\Users\OS\AppData\Local\Temp\"/><property name="java.version" value="21.0.4"/><property name="java.vm.specification.name" value="Java Virtual Machine Specification"/><property name="sun.os.patch.level" value=""/><property name="native.encoding" value="Cp1252"/><property name="java.library.path" value="C:\Program Files\Amazon Corretto\jdk21.0.4_7\bin;C:\Windows\Sun\Java\bin;C:\Windows\system32;C:\Windows;C:\Program Files\Amazon Corretto\jdk21.0.4_7\bin;C:\Program Files\Eclipse Adoptium\jdk-21.0.4.7-hotspot\bin;C:\Program Files\Amazon Corretto\jdk21.0.4_7\bin;C:\Windows\system32;C:\Windows;C:\Windows\System32\Wbem;C:\Windows\System32\WindowsPowerShell\v1.0\;C:\Windows\System32\OpenSSH\;C:\Program Files\dotnet\;C:\Program Files (x86)\NVIDIA Corporation\PhysX\Common;C:\Program Files\Maven\apache-maven-3.9.9\bin;C:\Program Files\Git\cmd;C:\Users\OS\AppData\Local\Coursier\data\bin;C:\Users\OS\AppData\Local\Microsoft\WindowsApps;C:\Users\OS\AppData\Local\Programs\Microsoft VS Code\bin;C:\Users\OS\AppData\Local\Coursier\data\bin;C:\Users\OS\AppData\Local\Coursier\data\bin;;."/><property name="stderr.encoding" value="cp437"/><property name="java.vendor" value="Amazon.com Inc."/><property name="scala.ext.dirs" value="C:\Users\OS\.sbt\1.0\java9-rt-ext-amazon_com_inc__21_0_4"/><property name="sun.io.unicode.encoding" value="UnicodeLittle"/><property name="java.class.path" value="C:\Users\OS\AppData\Local\Coursier\cache\arc\https\github.com\sbt\sbt\releases\download\v1.10.2\sbt-1.10.2.zip\sbt\bin\sbt-launch.jar"/><property name="java.vm.vendor" value="Amazon.com Inc."/><property name="user.variant" value=""/><property name="jline.shutdownhook" value="false"/><property name="user.timezone" value="Asia/Calcutta"/><property name="java.vm.specification.version" value="21"/><property name="os.name" value="Windows 11"/><property name="sun.java.launcher" value="SUN_STANDARD"/><property name="user.country" value="US"/><property name="sun.cpu.endian" value="little"/><property name="user.home" value="C:\Users\OS"/><property name="user.language" value="en"/><property name="sbt.ipcsocket.tmpdir" value="C:\Users\OS\AppData\Local\Temp\.sbt1b1cb48b\ipcsocket"/><property name="swoval.tmpdir" value="C:\Users\OS\AppData\Local\Temp\.sbt1b1cb48b\swoval"/><property name="jline.esc.timeout" value="0"/><property name="stdout.encoding" value="cp437"/><property name="path.separator" value=";"/><property name="os.version" value="10.0"/><property name="jna.nosys" value="true"/><property name="java.runtime.name" value="OpenJDK Runtime Environment"/><property name="java.vm.name" value="OpenJDK 64-Bit Server VM"/><property name="java.vendor.url.bug" value="https://github.com/corretto/corretto-21/issues/"/><property name="user.dir" value="C:\Colg stuffs\Fall 24\PLC\PLS assignments\3\scala-hw"/><property name="os.arch" value="amd64"/><property name="java.vm.info" value="mixed mode, sharing"/><property name="java.vm.version" value="21.0.4+7-LTS"/><property name="java.class.version" value="65.0"/>
    </properties>
          <testcase classname="fp2tests" name="EX01 - map" time="0.019">
                      
                    </testcase><testcase classname="fp2tests" name="EX02 - filter" time="0.002">
                      
                    </testcase><testcase classname="fp2tests" name="EX03 - append" time="0.0">
                      
                    </testcase><testcase classname="fp2tests" name="EX04 - flatten" time="0.0">
                      
                    </testcase><testcase classname="fp2tests" name="EX05 - foldLeft" time="0.0">
                      
                    </testcase><testcase classname="fp2tests" name="EX06 - foldRight" time="0.0">
                      
                    </testcase><testcase classname="fp2tests" name="EX07 - joinTerminateRight" time="0.0">
                      
                    </testcase><testcase classname="fp2tests" name="EX08 - joinTerminateLeft" time="0.001">
                      
                    </testcase><testcase classname="fp2tests" name="EX09 - firstNumGreaterOrEqual" time="0.001">
                      
                    </testcase><testcase classname="fp2tests" name="EX10 - firstIndexNumGreaterOrEqual" time="0.001">
                      
                    </testcase>
          <system-out><![CDATA[]]></system-out>
          <system-err><![CDATA[]]></system-err>
        </testsuite>